<?xml version="1.0" encoding="UTF-8"?>
<testng-results ignored="0" total="1" passed="1" failed="0" skipped="0">
  <reporter-output>
  </reporter-output>
  <suite started-at="2024-09-27T03:53:49 IST" name="Default suite" finished-at="2024-09-27T03:53:53 IST" duration-ms="4730">
    <groups>
    </groups>
    <test started-at="2024-09-27T03:53:49 IST" name="Default test" finished-at="2024-09-27T03:53:53 IST" duration-ms="4730">
      <class name="rahulshettyacademy.extentreport.ExtentReportDemo">
        <test-method is-config="true" signature="config()[pri:0, instance:rahulshettyacademy.extentreport.ExtentReportDemo@62150f9e]" started-at="2024-09-27T03:53:49 IST" name="config" finished-at="2024-09-27T03:53:49 IST" duration-ms="114" status="PASS">
          <reporter-output>
          </reporter-output>
        </test-method> <!-- config -->
        <test-method signature="initialDemo()[pri:0, instance:rahulshettyacademy.extentreport.ExtentReportDemo@62150f9e]" started-at="2024-09-27T03:53:49 IST" name="initialDemo" finished-at="2024-09-27T03:53:53 IST" duration-ms="4597" status="PASS">
          <reporter-output>
          </reporter-output>
        </test-method> <!-- initialDemo -->
      </class> <!-- rahulshettyacademy.extentreport.ExtentReportDemo -->
    </test> <!-- Default test -->
  </suite> <!-- Default suite -->
</testng-results>
